Determining if the pthread_create exist failed with the following output:
Change Dir: /home/muyi/catkin_ws/build/CMakeFiles/CMakeTmp

Run Build Command:"/usr/bin/make" "cmTC_2a03e/fast"
/usr/bin/make -f CMakeFiles/cmTC_2a03e.dir/build.make CMakeFiles/cmTC_2a03e.dir/build
make[1]: 进入目录“/home/muyi/catkin_ws/build/CMakeFiles/CMakeTmp”
Building C object CMakeFiles/cmTC_2a03e.dir/CheckSymbolExists.c.o
/usr/bin/cc    -o CMakeFiles/cmTC_2a03e.dir/CheckSymbolExists.c.o   -c /home/muyi/catkin_ws/build/CMakeFiles/CMakeTmp/CheckSymbolExists.c
Linking C executable cmTC_2a03e
/usr/bin/cmake -E cmake_link_script CMakeFiles/cmTC_2a03e.dir/link.txt --verbose=1
/usr/bin/cc      -rdynamic CMakeFiles/cmTC_2a03e.dir/CheckSymbolExists.c.o  -o cmTC_2a03e 
CMakeFiles/cmTC_2a03e.dir/CheckSymbolExists.c.o：在函数‘main’中：
CheckSymbolExists.c:(.text+0x1b)：对‘pthread_create’未定义的引用
collect2: error: ld returned 1 exit status
CMakeFiles/cmTC_2a03e.dir/build.make:97: recipe for target 'cmTC_2a03e' failed
make[1]: *** [cmTC_2a03e] Error 1
make[1]: 离开目录“/home/muyi/catkin_ws/build/CMakeFiles/CMakeTmp”
Makefile:126: recipe for target 'cmTC_2a03e/fast' failed
make: *** [cmTC_2a03e/fast] Error 2

File /home/muyi/catkin_ws/build/CMakeFiles/CMakeTmp/CheckSymbolExists.c:
/* */
#include <pthread.h>

int main(int argc, char** argv)
{
  (void)argv;
#ifndef pthread_create
  return ((int*)(&pthread_create))[argc];
#else
  (void)argc;
  return 0;
#endif
}

Determining if the function pthread_create exists in the pthreads failed with the following output:
Change Dir: /home/muyi/catkin_ws/build/CMakeFiles/CMakeTmp

Run Build Command:"/usr/bin/make" "cmTC_6bf3e/fast"
/usr/bin/make -f CMakeFiles/cmTC_6bf3e.dir/build.make CMakeFiles/cmTC_6bf3e.dir/build
make[1]: 进入目录“/home/muyi/catkin_ws/build/CMakeFiles/CMakeTmp”
Building C object CMakeFiles/cmTC_6bf3e.dir/CheckFunctionExists.c.o
/usr/bin/cc   -DCHECK_FUNCTION_EXISTS=pthread_create   -o CMakeFiles/cmTC_6bf3e.dir/CheckFunctionExists.c.o   -c /usr/share/cmake-3.10/Modules/CheckFunctionExists.c
Linking C executable cmTC_6bf3e
/usr/bin/cmake -E cmake_link_script CMakeFiles/cmTC_6bf3e.dir/link.txt --verbose=1
/usr/bin/cc  -DCHECK_FUNCTION_EXISTS=pthread_create    -rdynamic CMakeFiles/cmTC_6bf3e.dir/CheckFunctionExists.c.o  -o cmTC_6bf3e -lpthreads 
/usr/bin/ld: 找不到 -lpthreads
collect2: error: ld returned 1 exit status
CMakeFiles/cmTC_6bf3e.dir/build.make:97: recipe for target 'cmTC_6bf3e' failed
make[1]: *** [cmTC_6bf3e] Error 1
make[1]: 离开目录“/home/muyi/catkin_ws/build/CMakeFiles/CMakeTmp”
Makefile:126: recipe for target 'cmTC_6bf3e/fast' failed
make: *** [cmTC_6bf3e/fast] Error 2


